%!Adobe-FontList 1.20
%Locale:0x409

%BeginFont
Handler:DirectoryHandler
FontType:Type1
FontName:HelveticaNeueLTStd-Bd
FamilyName:Helvetica Neue LT Std
StyleName:75 Bold
MenuName:HelveticaNeueLT Std
StyleBits:2
WeightClass:700
WidthClass:5
AngleClass:0
FullName:Helvetica Neue LT Std 75 Bold
WritingScript:Roman
OutlineFileName:/Users/grosse/GitHub OfficeMac/New Campus Brochure_VNC/Document fonts/HelveticaNeueLTStd-Bd.otf
DataFormat:sfntData
UsesStandardEncoding:yes
isCFF:yes
hasSVG:no
VariableFontType:NonVariableFont
FileLength:29448
FileModTime:554238901
NameArray:0,Mac,18,HelveticaNeueLT Std Bold
NameArray:0,Mac,4,Helvetica Neue LT Std 75 Bold
NameArray:0,Win,1,HelveticaNeueLT Std
NameArray:0,Win,16,Helvetica Neue LT Std
%EndFont

%BeginFont
Handler:DirectoryHandler
FontType:Type1
FontName:HelveticaNeueLTStd-It
FamilyName:Helvetica Neue LT Std
StyleName:56 Italic
MenuName:HelveticaNeueLT Std
StyleBits:1
WeightClass:400
WidthClass:5
AngleClass:1
FullName:Helvetica Neue LT Std 56 Italic
WritingScript:Roman
OutlineFileName:/Users/grosse/GitHub OfficeMac/New Campus Brochure_VNC/Document fonts/HelveticaNeueLTStd-It.otf
DataFormat:sfntData
UsesStandardEncoding:yes
isCFF:yes
hasSVG:no
VariableFontType:NonVariableFont
FileLength:29620
FileModTime:554238901
NameArray:0,Mac,18,HelveticaNeueLT Std Ital
NameArray:0,Mac,4,Helvetica Neue LT Std 56 Italic
NameArray:0,Win,1,HelveticaNeueLT Std
NameArray:0,Win,16,Helvetica Neue LT Std
%EndFont

%BeginFont
Handler:DirectoryHandler
FontType:Type1
FontName:HelveticaNeueLTStd-Lt
FamilyName:Helvetica Neue LT Std
StyleName:45 Light
MenuName:HelveticaNeueLT Std Lt
StyleBits:0
WeightClass:300
WidthClass:5
AngleClass:0
FullName:Helvetica Neue LT Std 45 Light
WritingScript:Roman
OutlineFileName:/Users/grosse/GitHub OfficeMac/New Campus Brochure_VNC/Document fonts/HelveticaNeueLTStd-Lt_0.otf
DataFormat:sfntData
UsesStandardEncoding:yes
isCFF:yes
hasSVG:no
VariableFontType:NonVariableFont
FileLength:28980
FileModTime:558487309
DesignSize:120
NameArray:0,Mac,18,HelveticaNeueLT Std Lt
NameArray:0,Mac,4,Helvetica Neue LT Std 45 Light
NameArray:0,Win,1,HelveticaNeueLT Std Lt
NameArray:0,Win,16,Helvetica Neue LT Std
%EndFont

%BeginFont
Handler:DirectoryHandler
FontType:Type1
FontName:HelveticaNeueLTStd-LtCn
FamilyName:Helvetica Neue LT Std
StyleName:47 Light Condensed
MenuName:HelveticaNeueLT Std Lt Cn
StyleBits:0
WeightClass:300
WidthClass:3
AngleClass:0
FullName:Helvetica Neue LT Std 47 Light Condensed
WritingScript:Roman
OutlineFileName:/Users/grosse/GitHub OfficeMac/New Campus Brochure_VNC/Document fonts/HelveticaNeueLTStd-LtCn_0.otf
DataFormat:sfntData
UsesStandardEncoding:yes
isCFF:yes
hasSVG:no
VariableFontType:NonVariableFont
FileLength:28652
FileModTime:554238901
DesignSize:120
NameArray:0,Mac,18,HelveticaNeueLT Std Lt Cn
NameArray:0,Mac,4,Helvetica Neue LT Std 47 Light Condensed
NameArray:0,Win,1,HelveticaNeueLT Std Lt Cn
NameArray:0,Win,16,Helvetica Neue LT Std
%EndFont

%BeginFont
Handler:DirectoryHandler
FontType:Type1
FontName:MinionPro-Regular
FamilyName:Minion Pro
StyleName:Regular
MenuName:Minion Pro
StyleBits:0
WeightClass:400
WidthClass:5
AngleClass:0
FullName:Minion Pro
WritingScript:Roman
OutlineFileName:/Users/grosse/GitHub OfficeMac/New Campus Brochure_VNC/Document fonts/MinionPro-Regular.otf
DataFormat:sfntData
UsesStandardEncoding:yes
isCFF:yes
hasSVG:no
VariableFontType:NonVariableFont
FileLength:218640
FileModTime:543275993
DesignSize:110
NameArray:0,Mac,4,Minion Pro
NameArray:0,Win,1,Minion Pro
%EndFont

